<?xml version="1.0" encoding="UTF-8"?>
<!-- Generated by org.testng.reporters.JUnitReportReporter -->
<testsuite hostname="LAPTOP-9SCSOD5S" failures="0" tests="1" name="CartRunner.Runner1" time="9.782" errors="0" timestamp="2023-03-03T18:28:26 CST" skipped="0">
  <testcase classname="CartRunner.Runner1" name="feature" time="9.782"/>
  <system-out/>
</testsuite> <!-- CartRunner.Runner1 -->
